{"C:\\Users\\jcmad\\Desktop\\madison88-itsm-platform\\backend\\src\\config\\database.js": {"path":"C:\\Users\\jcmad\\Desktop\\madison88-itsm-platform\\backend\\src\\config\\database.js","statementMap":{"0":{"start":{"line":5,"column":17},"end":{"line":5,"column":30}},"1":{"start":{"line":6,"column":15},"end":{"line":6,"column":41}},"2":{"start":{"line":8,"column":13},"end":{"line":18,"column":2}},"3":{"start":{"line":20,"column":0},"end":{"line":22,"column":3}},"4":{"start":{"line":21,"column":2},"end":{"line":21,"column":49}},"5":{"start":{"line":24,"column":0},"end":{"line":26,"column":3}},"6":{"start":{"line":25,"column":2},"end":{"line":25,"column":55}},"7":{"start":{"line":29,"column":0},"end":{"line":35,"column":3}},"8":{"start":{"line":30,"column":2},"end":{"line":34,"column":3}},"9":{"start":{"line":31,"column":4},"end":{"line":31,"column":58}},"10":{"start":{"line":33,"column":4},"end":{"line":33,"column":69}},"11":{"start":{"line":37,"column":0},"end":{"line":37,"column":22}}},"fnMap":{"0":{"name":"(anonymous_0)","decl":{"start":{"line":20,"column":19},"end":{"line":20,"column":20}},"loc":{"start":{"line":20,"column":25},"end":{"line":22,"column":1}},"line":20},"1":{"name":"(anonymous_1)","decl":{"start":{"line":24,"column":17},"end":{"line":24,"column":18}},"loc":{"start":{"line":24,"column":26},"end":{"line":26,"column":1}},"line":24},"2":{"name":"(anonymous_2)","decl":{"start":{"line":29,"column":27},"end":{"line":29,"column":28}},"loc":{"start":{"line":29,"column":41},"end":{"line":35,"column":1}},"line":29}},"branchMap":{"0":{"loc":{"start":{"line":30,"column":2},"end":{"line":34,"column":3}},"type":"if","locations":[{"start":{"line":30,"column":2},"end":{"line":34,"column":3}},{"start":{"line":32,"column":9},"end":{"line":34,"column":3}}],"line":30}},"s":{"0":1,"1":1,"2":1,"3":1,"4":0,"5":1,"6":0,"7":1,"8":0,"9":0,"10":0,"11":1},"f":{"0":0,"1":0,"2":0},"b":{"0":[0,0]},"_coverageSchema":"1a1c01bbd47fc00a2c39e90264f33305004495a9","hash":"7d87710cf57ee405cd349599b6a6e93e8791e6e4"}
,"C:\\Users\\jcmad\\Desktop\\madison88-itsm-platform\\backend\\src\\models\\user.model.js": {"path":"C:\\Users\\jcmad\\Desktop\\madison88-itsm-platform\\backend\\src\\models\\user.model.js","statementMap":{"0":{"start":{"line":3,"column":11},"end":{"line":3,"column":40}},"1":{"start":{"line":5,"column":18},"end":{"line":87,"column":1}},"2":{"start":{"line":7,"column":19},"end":{"line":7,"column":96}},"3":{"start":{"line":8,"column":4},"end":{"line":8,"column":26}},"4":{"start":{"line":11,"column":19},"end":{"line":11,"column":87}},"5":{"start":{"line":12,"column":4},"end":{"line":12,"column":26}},"6":{"start":{"line":15,"column":19},"end":{"line":15,"column":85}},"7":{"start":{"line":16,"column":4},"end":{"line":16,"column":26}},"8":{"start":{"line":19,"column":19},"end":{"line":23,"column":5}},"9":{"start":{"line":24,"column":4},"end":{"line":24,"column":26}},"10":{"start":{"line":27,"column":4},"end":{"line":27,"column":87}},"11":{"start":{"line":31,"column":23},"end":{"line":31,"column":25}},"12":{"start":{"line":32,"column":19},"end":{"line":32,"column":21}},"13":{"start":{"line":34,"column":4},"end":{"line":37,"column":5}},"14":{"start":{"line":35,"column":6},"end":{"line":35,"column":24}},"15":{"start":{"line":36,"column":6},"end":{"line":36,"column":50}},"16":{"start":{"line":39,"column":4},"end":{"line":42,"column":5}},"17":{"start":{"line":40,"column":6},"end":{"line":40,"column":28}},"18":{"start":{"line":41,"column":6},"end":{"line":41,"column":54}},"19":{"start":{"line":44,"column":4},"end":{"line":47,"column":5}},"20":{"start":{"line":45,"column":6},"end":{"line":45,"column":33}},"21":{"start":{"line":46,"column":6},"end":{"line":46,"column":94}},"22":{"start":{"line":49,"column":24},"end":{"line":49,"column":84}},"23":{"start":{"line":51,"column":19},"end":{"line":55,"column":5}},"24":{"start":{"line":56,"column":4},"end":{"line":56,"column":23}},"25":{"start":{"line":60,"column":17},"end":{"line":60,"column":37}},"26":{"start":{"line":61,"column":19},"end":{"line":61,"column":41}},"27":{"start":{"line":62,"column":22},"end":{"line":62,"column":83}},"28":{"start":{"line":62,"column":47},"end":{"line":62,"column":71}},"29":{"start":{"line":64,"column":19},"end":{"line":67,"column":5}},"30":{"start":{"line":68,"column":4},"end":{"line":68,"column":26}},"31":{"start":{"line":72,"column":19},"end":{"line":75,"column":5}},"32":{"start":{"line":76,"column":4},"end":{"line":76,"column":26}},"33":{"start":{"line":80,"column":4},"end":{"line":80,"column":47}},"34":{"start":{"line":80,"column":37},"end":{"line":80,"column":47}},"35":{"start":{"line":81,"column":19},"end":{"line":84,"column":5}},"36":{"start":{"line":85,"column":4},"end":{"line":85,"column":23}},"37":{"start":{"line":89,"column":0},"end":{"line":89,"column":27}}},"fnMap":{"0":{"name":"(anonymous_0)","decl":{"start":{"line":6,"column":2},"end":{"line":6,"column":3}},"loc":{"start":{"line":6,"column":27},"end":{"line":9,"column":3}},"line":6},"1":{"name":"(anonymous_1)","decl":{"start":{"line":10,"column":2},"end":{"line":10,"column":3}},"loc":{"start":{"line":10,"column":31},"end":{"line":13,"column":3}},"line":10},"2":{"name":"(anonymous_2)","decl":{"start":{"line":14,"column":2},"end":{"line":14,"column":3}},"loc":{"start":{"line":14,"column":25},"end":{"line":17,"column":3}},"line":14},"3":{"name":"(anonymous_3)","decl":{"start":{"line":18,"column":2},"end":{"line":18,"column":3}},"loc":{"start":{"line":18,"column":119},"end":{"line":25,"column":3}},"line":18},"4":{"name":"(anonymous_4)","decl":{"start":{"line":26,"column":2},"end":{"line":26,"column":3}},"loc":{"start":{"line":26,"column":32},"end":{"line":28,"column":3}},"line":26},"5":{"name":"(anonymous_5)","decl":{"start":{"line":30,"column":2},"end":{"line":30,"column":3}},"loc":{"start":{"line":30,"column":51},"end":{"line":57,"column":3}},"line":30},"6":{"name":"(anonymous_6)","decl":{"start":{"line":59,"column":2},"end":{"line":59,"column":3}},"loc":{"start":{"line":59,"column":36},"end":{"line":69,"column":3}},"line":59},"7":{"name":"(anonymous_7)","decl":{"start":{"line":62,"column":31},"end":{"line":62,"column":32}},"loc":{"start":{"line":62,"column":47},"end":{"line":62,"column":71}},"line":62},"8":{"name":"(anonymous_8)","decl":{"start":{"line":71,"column":2},"end":{"line":71,"column":3}},"loc":{"start":{"line":71,"column":45},"end":{"line":77,"column":3}},"line":71},"9":{"name":"(anonymous_9)","decl":{"start":{"line":79,"column":2},"end":{"line":79,"column":3}},"loc":{"start":{"line":79,"column":27},"end":{"line":86,"column":3}},"line":79}},"branchMap":{"0":{"loc":{"start":{"line":30,"column":18},"end":{"line":30,"column":49}},"type":"default-arg","locations":[{"start":{"line":30,"column":47},"end":{"line":30,"column":49}}],"line":30},"1":{"loc":{"start":{"line":34,"column":4},"end":{"line":37,"column":5}},"type":"if","locations":[{"start":{"line":34,"column":4},"end":{"line":37,"column":5}},{"start":{},"end":{}}],"line":34},"2":{"loc":{"start":{"line":39,"column":4},"end":{"line":42,"column":5}},"type":"if","locations":[{"start":{"line":39,"column":4},"end":{"line":42,"column":5}},{"start":{},"end":{}}],"line":39},"3":{"loc":{"start":{"line":44,"column":4},"end":{"line":47,"column":5}},"type":"if","locations":[{"start":{"line":44,"column":4},"end":{"line":47,"column":5}},{"start":{},"end":{}}],"line":44},"4":{"loc":{"start":{"line":49,"column":24},"end":{"line":49,"column":84}},"type":"cond-expr","locations":[{"start":{"line":49,"column":44},"end":{"line":49,"column":79}},{"start":{"line":49,"column":82},"end":{"line":49,"column":84}}],"line":49},"5":{"loc":{"start":{"line":80,"column":4},"end":{"line":80,"column":47}},"type":"if","locations":[{"start":{"line":80,"column":4},"end":{"line":80,"column":47}},{"start":{},"end":{}}],"line":80},"6":{"loc":{"start":{"line":80,"column":8},"end":{"line":80,"column":35}},"type":"binary-expr","locations":[{"start":{"line":80,"column":8},"end":{"line":80,"column":16}},{"start":{"line":80,"column":20},"end":{"line":80,"column":35}}],"line":80}},"s":{"0":1,"1":1,"2":0,"3":0,"4":0,"5":0,"6":0,"7":0,"8":0,"9":0,"10":0,"11":0,"12":0,"13":0,"14":0,"15":0,"16":0,"17":0,"18":0,"19":0,"20":0,"21":0,"22":0,"23":0,"24":0,"25":0,"26":0,"27":0,"28":0,"29":0,"30":0,"31":0,"32":0,"33":0,"34":0,"35":0,"36":0,"37":1},"f":{"0":0,"1":0,"2":0,"3":0,"4":0,"5":0,"6":0,"7":0,"8":0,"9":0},"b":{"0":[0],"1":[0,0],"2":[0,0],"3":[0,0],"4":[0,0],"5":[0,0],"6":[0,0]},"_coverageSchema":"1a1c01bbd47fc00a2c39e90264f33305004495a9","hash":"c967f21456ff0dfa8b9956fadbd96f092e8224fe"}
,"C:\\Users\\jcmad\\Desktop\\madison88-itsm-platform\\backend\\src\\services\\auth.service.js": {"path":"C:\\Users\\jcmad\\Desktop\\madison88-itsm-platform\\backend\\src\\services\\auth.service.js","statementMap":{"0":{"start":{"line":1,"column":15},"end":{"line":1,"column":34}},"1":{"start":{"line":2,"column":15},"end":{"line":2,"column":32}},"2":{"start":{"line":3,"column":12},"end":{"line":3,"column":35}},"3":{"start":{"line":4,"column":18},"end":{"line":4,"column":49}},"4":{"start":{"line":6,"column":19},"end":{"line":6,"column":55}},"5":{"start":{"line":7,"column":23},"end":{"line":7,"column":57}},"6":{"start":{"line":9,"column":20},"end":{"line":132,"column":1}},"7":{"start":{"line":11,"column":21},"end":{"line":11,"column":55}},"8":{"start":{"line":12,"column":4},"end":{"line":12,"column":62}},"9":{"start":{"line":12,"column":18},"end":{"line":12,"column":62}},"10":{"start":{"line":14,"column":26},"end":{"line":14,"column":79}},"11":{"start":{"line":15,"column":25},"end":{"line":15,"column":93}},"12":{"start":{"line":16,"column":25},"end":{"line":16,"column":108}},"13":{"start":{"line":18,"column":4},"end":{"line":20,"column":5}},"14":{"start":{"line":19,"column":6},"end":{"line":19,"column":42}},"15":{"start":{"line":22,"column":25},"end":{"line":22,"column":56}},"16":{"start":{"line":23,"column":17},"end":{"line":33,"column":6}},"17":{"start":{"line":34,"column":4},"end":{"line":34,"column":16}},"18":{"start":{"line":38,"column":17},"end":{"line":38,"column":51}},"19":{"start":{"line":39,"column":4},"end":{"line":39,"column":60}},"20":{"start":{"line":39,"column":15},"end":{"line":39,"column":60}},"21":{"start":{"line":40,"column":4},"end":{"line":40,"column":100}},"22":{"start":{"line":40,"column":25},"end":{"line":40,"column":100}},"23":{"start":{"line":41,"column":4},"end":{"line":41,"column":74}},"24":{"start":{"line":41,"column":29},"end":{"line":41,"column":74}},"25":{"start":{"line":42,"column":18},"end":{"line":42,"column":68}},"26":{"start":{"line":43,"column":4},"end":{"line":43,"column":61}},"27":{"start":{"line":43,"column":16},"end":{"line":43,"column":61}},"28":{"start":{"line":44,"column":4},"end":{"line":44,"column":50}},"29":{"start":{"line":45,"column":18},"end":{"line":49,"column":5}},"30":{"start":{"line":50,"column":4},"end":{"line":50,"column":27}},"31":{"start":{"line":54,"column":4},"end":{"line":54,"column":41}},"32":{"start":{"line":58,"column":18},"end":{"line":58,"column":40}},"33":{"start":{"line":60,"column":15},"end":{"line":60,"column":49}},"34":{"start":{"line":61,"column":4},"end":{"line":63,"column":5}},"35":{"start":{"line":62,"column":6},"end":{"line":62,"column":48}},"36":{"start":{"line":65,"column":22},"end":{"line":65,"column":66}},"37":{"start":{"line":66,"column":23},"end":{"line":66,"column":45}},"38":{"start":{"line":67,"column":22},"end":{"line":67,"column":63}},"39":{"start":{"line":68,"column":22},"end":{"line":68,"column":58}},"40":{"start":{"line":70,"column":4},"end":{"line":105,"column":5}},"41":{"start":{"line":73,"column":27},"end":{"line":73,"column":90}},"42":{"start":{"line":74,"column":27},"end":{"line":74,"column":62}},"43":{"start":{"line":76,"column":6},"end":{"line":88,"column":9}},"44":{"start":{"line":91,"column":6},"end":{"line":93,"column":7}},"45":{"start":{"line":92,"column":8},"end":{"line":92,"column":47}},"46":{"start":{"line":95,"column":22},"end":{"line":95,"column":24}},"47":{"start":{"line":96,"column":6},"end":{"line":96,"column":54}},"48":{"start":{"line":96,"column":32},"end":{"line":96,"column":54}},"49":{"start":{"line":97,"column":6},"end":{"line":97,"column":70}},"50":{"start":{"line":97,"column":40},"end":{"line":97,"column":70}},"51":{"start":{"line":98,"column":6},"end":{"line":98,"column":74}},"52":{"start":{"line":98,"column":42},"end":{"line":98,"column":74}},"53":{"start":{"line":99,"column":6},"end":{"line":99,"column":70}},"54":{"start":{"line":99,"column":40},"end":{"line":99,"column":70}},"55":{"start":{"line":100,"column":6},"end":{"line":100,"column":49}},"56":{"start":{"line":100,"column":26},"end":{"line":100,"column":49}},"57":{"start":{"line":102,"column":6},"end":{"line":104,"column":7}},"58":{"start":{"line":103,"column":8},"end":{"line":103,"column":65}},"59":{"start":{"line":108,"column":4},"end":{"line":108,"column":50}},"60":{"start":{"line":111,"column":18},"end":{"line":115,"column":5}},"61":{"start":{"line":117,"column":4},"end":{"line":117,"column":27}},"62":{"start":{"line":123,"column":4},"end":{"line":123,"column":68}},"63":{"start":{"line":123,"column":23},"end":{"line":123,"column":68}},"64":{"start":{"line":130,"column":4},"end":{"line":130,"column":38}},"65":{"start":{"line":134,"column":0},"end":{"line":134,"column":29}}},"fnMap":{"0":{"name":"(anonymous_0)","decl":{"start":{"line":10,"column":2},"end":{"line":10,"column":3}},"loc":{"start":{"line":10,"column":113},"end":{"line":35,"column":3}},"line":10},"1":{"name":"(anonymous_1)","decl":{"start":{"line":37,"column":2},"end":{"line":37,"column":3}},"loc":{"start":{"line":37,"column":35},"end":{"line":51,"column":3}},"line":37},"2":{"name":"(anonymous_2)","decl":{"start":{"line":53,"column":2},"end":{"line":53,"column":3}},"loc":{"start":{"line":53,"column":21},"end":{"line":55,"column":3}},"line":53},"3":{"name":"(anonymous_3)","decl":{"start":{"line":57,"column":2},"end":{"line":57,"column":3}},"loc":{"start":{"line":57,"column":55},"end":{"line":118,"column":3}},"line":57},"4":{"name":"(anonymous_4)","decl":{"start":{"line":120,"column":2},"end":{"line":120,"column":3}},"loc":{"start":{"line":120,"column":35},"end":{"line":131,"column":3}},"line":120}},"branchMap":{"0":{"loc":{"start":{"line":6,"column":19},"end":{"line":6,"column":55}},"type":"binary-expr","locations":[{"start":{"line":6,"column":19},"end":{"line":6,"column":41}},{"start":{"line":6,"column":45},"end":{"line":6,"column":55}}],"line":6},"1":{"loc":{"start":{"line":7,"column":23},"end":{"line":7,"column":57}},"type":"binary-expr","locations":[{"start":{"line":7,"column":23},"end":{"line":7,"column":49}},{"start":{"line":7,"column":53},"end":{"line":7,"column":57}}],"line":7},"2":{"loc":{"start":{"line":12,"column":4},"end":{"line":12,"column":62}},"type":"if","locations":[{"start":{"line":12,"column":4},"end":{"line":12,"column":62}},{"start":{},"end":{}}],"line":12},"3":{"loc":{"start":{"line":14,"column":26},"end":{"line":14,"column":79}},"type":"binary-expr","locations":[{"start":{"line":14,"column":26},"end":{"line":14,"column":36}},{"start":{"line":14,"column":41},"end":{"line":14,"column":78}}],"line":14},"4":{"loc":{"start":{"line":14,"column":41},"end":{"line":14,"column":78}},"type":"cond-expr","locations":[{"start":{"line":14,"column":48},"end":{"line":14,"column":66}},{"start":{"line":14,"column":69},"end":{"line":14,"column":78}}],"line":14},"5":{"loc":{"start":{"line":15,"column":25},"end":{"line":15,"column":93}},"type":"binary-expr","locations":[{"start":{"line":15,"column":25},"end":{"line":15,"column":34}},{"start":{"line":15,"column":39},"end":{"line":15,"column":92}}],"line":15},"6":{"loc":{"start":{"line":15,"column":39},"end":{"line":15,"column":92}},"type":"cond-expr","locations":[{"start":{"line":15,"column":46},"end":{"line":15,"column":80}},{"start":{"line":15,"column":83},"end":{"line":15,"column":92}}],"line":15},"7":{"loc":{"start":{"line":16,"column":25},"end":{"line":16,"column":108}},"type":"binary-expr","locations":[{"start":{"line":16,"column":25},"end":{"line":16,"column":34}},{"start":{"line":16,"column":38},"end":{"line":16,"column":42}},{"start":{"line":16,"column":46},"end":{"line":16,"column":108}}],"line":16},"8":{"loc":{"start":{"line":18,"column":4},"end":{"line":20,"column":5}},"type":"if","locations":[{"start":{"line":18,"column":4},"end":{"line":20,"column":5}},{"start":{},"end":{}}],"line":18},"9":{"loc":{"start":{"line":18,"column":8},"end":{"line":18,"column":56}},"type":"binary-expr","locations":[{"start":{"line":18,"column":8},"end":{"line":18,"column":22}},{"start":{"line":18,"column":26},"end":{"line":18,"column":39}},{"start":{"line":18,"column":43},"end":{"line":18,"column":56}}],"line":18},"10":{"loc":{"start":{"line":39,"column":4},"end":{"line":39,"column":60}},"type":"if","locations":[{"start":{"line":39,"column":4},"end":{"line":39,"column":60}},{"start":{},"end":{}}],"line":39},"11":{"loc":{"start":{"line":40,"column":4},"end":{"line":40,"column":100}},"type":"if","locations":[{"start":{"line":40,"column":4},"end":{"line":40,"column":100}},{"start":{},"end":{}}],"line":40},"12":{"loc":{"start":{"line":41,"column":4},"end":{"line":41,"column":74}},"type":"if","locations":[{"start":{"line":41,"column":4},"end":{"line":41,"column":74}},{"start":{},"end":{}}],"line":41},"13":{"loc":{"start":{"line":43,"column":4},"end":{"line":43,"column":61}},"type":"if","locations":[{"start":{"line":43,"column":4},"end":{"line":43,"column":61}},{"start":{},"end":{}}],"line":43},"14":{"loc":{"start":{"line":61,"column":4},"end":{"line":63,"column":5}},"type":"if","locations":[{"start":{"line":61,"column":4},"end":{"line":63,"column":5}},{"start":{},"end":{}}],"line":61},"15":{"loc":{"start":{"line":65,"column":22},"end":{"line":65,"column":66}},"type":"cond-expr","locations":[{"start":{"line":65,"column":29},"end":{"line":65,"column":44}},{"start":{"line":65,"column":47},"end":{"line":65,"column":66}}],"line":65},"16":{"loc":{"start":{"line":66,"column":23},"end":{"line":66,"column":45}},"type":"binary-expr","locations":[{"start":{"line":66,"column":23},"end":{"line":66,"column":35}},{"start":{"line":66,"column":39},"end":{"line":66,"column":45}}],"line":66},"17":{"loc":{"start":{"line":67,"column":22},"end":{"line":67,"column":63}},"type":"binary-expr","locations":[{"start":{"line":67,"column":22},"end":{"line":67,"column":50}},{"start":{"line":67,"column":54},"end":{"line":67,"column":63}}],"line":67},"18":{"loc":{"start":{"line":68,"column":22},"end":{"line":68,"column":58}},"type":"binary-expr","locations":[{"start":{"line":68,"column":22},"end":{"line":68,"column":26}},{"start":{"line":68,"column":30},"end":{"line":68,"column":58}}],"line":68},"19":{"loc":{"start":{"line":70,"column":4},"end":{"line":105,"column":5}},"type":"if","locations":[{"start":{"line":70,"column":4},"end":{"line":105,"column":5}},{"start":{"line":89,"column":11},"end":{"line":105,"column":5}}],"line":70},"20":{"loc":{"start":{"line":73,"column":69},"end":{"line":73,"column":89}},"type":"cond-expr","locations":[{"start":{"line":73,"column":75},"end":{"line":73,"column":84}},{"start":{"line":73,"column":87},"end":{"line":73,"column":89}}],"line":73},"21":{"loc":{"start":{"line":84,"column":14},"end":{"line":84,"column":58}},"type":"binary-expr","locations":[{"start":{"line":84,"column":14},"end":{"line":84,"column":44}},{"start":{"line":84,"column":48},"end":{"line":84,"column":58}}],"line":84},"22":{"loc":{"start":{"line":91,"column":6},"end":{"line":93,"column":7}},"type":"if","locations":[{"start":{"line":91,"column":6},"end":{"line":93,"column":7}},{"start":{},"end":{}}],"line":91},"23":{"loc":{"start":{"line":96,"column":6},"end":{"line":96,"column":54}},"type":"if","locations":[{"start":{"line":96,"column":6},"end":{"line":96,"column":54}},{"start":{},"end":{}}],"line":96},"24":{"loc":{"start":{"line":97,"column":6},"end":{"line":97,"column":70}},"type":"if","locations":[{"start":{"line":97,"column":6},"end":{"line":97,"column":70}},{"start":{},"end":{}}],"line":97},"25":{"loc":{"start":{"line":98,"column":6},"end":{"line":98,"column":74}},"type":"if","locations":[{"start":{"line":98,"column":6},"end":{"line":98,"column":74}},{"start":{},"end":{}}],"line":98},"26":{"loc":{"start":{"line":99,"column":6},"end":{"line":99,"column":70}},"type":"if","locations":[{"start":{"line":99,"column":6},"end":{"line":99,"column":70}},{"start":{},"end":{}}],"line":99},"27":{"loc":{"start":{"line":100,"column":6},"end":{"line":100,"column":49}},"type":"if","locations":[{"start":{"line":100,"column":6},"end":{"line":100,"column":49}},{"start":{},"end":{}}],"line":100},"28":{"loc":{"start":{"line":102,"column":6},"end":{"line":104,"column":7}},"type":"if","locations":[{"start":{"line":102,"column":6},"end":{"line":104,"column":7}},{"start":{},"end":{}}],"line":102},"29":{"loc":{"start":{"line":123,"column":4},"end":{"line":123,"column":68}},"type":"if","locations":[{"start":{"line":123,"column":4},"end":{"line":123,"column":68}},{"start":{},"end":{}}],"line":123}},"s":{"0":1,"1":1,"2":1,"3":1,"4":1,"5":1,"6":1,"7":0,"8":0,"9":0,"10":0,"11":0,"12":0,"13":0,"14":0,"15":0,"16":0,"17":0,"18":0,"19":0,"20":0,"21":0,"22":0,"23":0,"24":0,"25":0,"26":0,"27":0,"28":0,"29":0,"30":0,"31":0,"32":2,"33":2,"34":2,"35":1,"36":2,"37":2,"38":2,"39":2,"40":2,"41":0,"42":0,"43":0,"44":2,"45":0,"46":2,"47":2,"48":1,"49":2,"50":2,"51":2,"52":2,"53":2,"54":2,"55":2,"56":1,"57":2,"58":2,"59":2,"60":2,"61":2,"62":0,"63":0,"64":0,"65":1},"f":{"0":0,"1":0,"2":0,"3":2,"4":0},"b":{"0":[1,1],"1":[1,1],"2":[0,0],"3":[0,0],"4":[0,0],"5":[0,0],"6":[0,0],"7":[0,0,0],"8":[0,0],"9":[0,0,0],"10":[0,0],"11":[0,0],"12":[0,0],"13":[0,0],"14":[1,1],"15":[2,0],"16":[2,0],"17":[2,0],"18":[2,0],"19":[0,2],"20":[0,0],"21":[0,0],"22":[0,2],"23":[1,1],"24":[2,0],"25":[2,0],"26":[2,0],"27":[1,1],"28":[2,0],"29":[0,0]},"_coverageSchema":"1a1c01bbd47fc00a2c39e90264f33305004495a9","hash":"b6f10a1b05da3507e9ec547a38742061db53732b"}
,"C:\\Users\\jcmad\\Desktop\\madison88-itsm-platform\\backend\\src\\utils\\logger.js": {"path":"C:\\Users\\jcmad\\Desktop\\madison88-itsm-platform\\backend\\src\\utils\\logger.js","statementMap":{"0":{"start":{"line":5,"column":11},"end":{"line":5,"column":24}},"1":{"start":{"line":6,"column":13},"end":{"line":6,"column":28}},"2":{"start":{"line":8,"column":16},"end":{"line":8,"column":47}},"3":{"start":{"line":9,"column":17},"end":{"line":9,"column":46}},"4":{"start":{"line":12,"column":0},"end":{"line":14,"column":1}},"5":{"start":{"line":13,"column":2},"end":{"line":13,"column":45}},"6":{"start":{"line":16,"column":19},"end":{"line":21,"column":1}},"7":{"start":{"line":23,"column":21},"end":{"line":25,"column":1}},"8":{"start":{"line":24,"column":2},"end":{"line":24,"column":34}},"9":{"start":{"line":27,"column":18},"end":{"line":36,"column":1}},"10":{"start":{"line":28,"column":20},"end":{"line":28,"column":34}},"11":{"start":{"line":29,"column":19},"end":{"line":34,"column":3}},"12":{"start":{"line":35,"column":2},"end":{"line":35,"column":34}},"13":{"start":{"line":38,"column":17},"end":{"line":49,"column":1}},"14":{"start":{"line":39,"column":18},"end":{"line":39,"column":49}},"15":{"start":{"line":42,"column":24},"end":{"line":42,"column":87}},"16":{"start":{"line":43,"column":2},"end":{"line":43,"column":96}},"17":{"start":{"line":46,"column":2},"end":{"line":48,"column":3}},"18":{"start":{"line":47,"column":4},"end":{"line":47,"column":48}},"19":{"start":{"line":51,"column":0},"end":{"line":56,"column":2}},"20":{"start":{"line":52,"column":28},"end":{"line":52,"column":60}},"21":{"start":{"line":53,"column":27},"end":{"line":53,"column":58}},"22":{"start":{"line":54,"column":27},"end":{"line":54,"column":58}},"23":{"start":{"line":55,"column":28},"end":{"line":55,"column":60}}},"fnMap":{"0":{"name":"(anonymous_0)","decl":{"start":{"line":23,"column":21},"end":{"line":23,"column":22}},"loc":{"start":{"line":23,"column":27},"end":{"line":25,"column":1}},"line":23},"1":{"name":"(anonymous_1)","decl":{"start":{"line":27,"column":18},"end":{"line":27,"column":19}},"loc":{"start":{"line":27,"column":51},"end":{"line":36,"column":1}},"line":27},"2":{"name":"(anonymous_2)","decl":{"start":{"line":38,"column":17},"end":{"line":38,"column":18}},"loc":{"start":{"line":38,"column":43},"end":{"line":49,"column":1}},"line":38},"3":{"name":"(anonymous_3)","decl":{"start":{"line":52,"column":9},"end":{"line":52,"column":10}},"loc":{"start":{"line":52,"column":28},"end":{"line":52,"column":60}},"line":52},"4":{"name":"(anonymous_4)","decl":{"start":{"line":53,"column":8},"end":{"line":53,"column":9}},"loc":{"start":{"line":53,"column":27},"end":{"line":53,"column":58}},"line":53},"5":{"name":"(anonymous_5)","decl":{"start":{"line":54,"column":8},"end":{"line":54,"column":9}},"loc":{"start":{"line":54,"column":27},"end":{"line":54,"column":58}},"line":54},"6":{"name":"(anonymous_6)","decl":{"start":{"line":55,"column":9},"end":{"line":55,"column":10}},"loc":{"start":{"line":55,"column":28},"end":{"line":55,"column":60}},"line":55}},"branchMap":{"0":{"loc":{"start":{"line":12,"column":0},"end":{"line":14,"column":1}},"type":"if","locations":[{"start":{"line":12,"column":0},"end":{"line":14,"column":1}},{"start":{},"end":{}}],"line":12},"1":{"loc":{"start":{"line":27,"column":35},"end":{"line":27,"column":46}},"type":"default-arg","locations":[{"start":{"line":27,"column":42},"end":{"line":27,"column":46}}],"line":27},"2":{"loc":{"start":{"line":33,"column":8},"end":{"line":33,"column":24}},"type":"binary-expr","locations":[{"start":{"line":33,"column":8},"end":{"line":33,"column":12}},{"start":{"line":33,"column":16},"end":{"line":33,"column":24}}],"line":33},"3":{"loc":{"start":{"line":42,"column":24},"end":{"line":42,"column":87}},"type":"cond-expr","locations":[{"start":{"line":42,"column":44},"end":{"line":42,"column":51}},{"start":{"line":42,"column":54},"end":{"line":42,"column":87}}],"line":42},"4":{"loc":{"start":{"line":42,"column":54},"end":{"line":42,"column":87}},"type":"cond-expr","locations":[{"start":{"line":42,"column":73},"end":{"line":42,"column":79}},{"start":{"line":42,"column":82},"end":{"line":42,"column":87}}],"line":42},"5":{"loc":{"start":{"line":43,"column":84},"end":{"line":43,"column":94}},"type":"binary-expr","locations":[{"start":{"line":43,"column":84},"end":{"line":43,"column":88}},{"start":{"line":43,"column":92},"end":{"line":43,"column":94}}],"line":43},"6":{"loc":{"start":{"line":46,"column":2},"end":{"line":48,"column":3}},"type":"if","locations":[{"start":{"line":46,"column":2},"end":{"line":48,"column":3}},{"start":{},"end":{}}],"line":46}},"s":{"0":1,"1":1,"2":1,"3":1,"4":1,"5":0,"6":1,"7":1,"8":0,"9":1,"10":0,"11":0,"12":0,"13":1,"14":0,"15":0,"16":0,"17":0,"18":0,"19":1,"20":0,"21":0,"22":0,"23":0},"f":{"0":0,"1":0,"2":0,"3":0,"4":0,"5":0,"6":0},"b":{"0":[0,1],"1":[0],"2":[0,0],"3":[0,0],"4":[0,0],"5":[0,0],"6":[0,0]},"_coverageSchema":"1a1c01bbd47fc00a2c39e90264f33305004495a9","hash":"28bf4d56cb7107e8b715682549b68747d70340fa"}
}
